This file contains any messages produced by compilers while
running configure, to aid debugging if configure makes a mistake.

It was created by tslib configure 0.0.2, which was
generated by GNU Autoconf 2.59.  Invocation command line was

  $ ./configure --host=arm-linux --prefix=/nfs_rootfs/nfsroot-29/tslib --exec-prefix=/nfs_rootfs/nfsroot-29/tslib ac_cv_func_malloc_0_nonnull=yes --enable-inputapi=no

## --------- ##
## Platform. ##
## --------- ##

hostname = zhang.uplooking.com
uname -m = i686
uname -r = 2.6.18-194.el5
uname -s = Linux
uname -v = #1 SMP Tue Mar 16 21:52:43 EDT 2010

/usr/bin/uname -p = unknown
/bin/uname -X     = unknown

/bin/arch              = i686
/usr/bin/arch -k       = unknown
/usr/convex/getsysinfo = unknown
hostinfo               = unknown
/bin/machine           = unknown
/usr/bin/oslevel       = unknown
/bin/universe          = unknown

PATH: /usr/local/arm/4.3.2/bin
PATH: /usr/lib/qt-3.3/bin
PATH: /usr/kerberos/sbin
PATH: /usr/kerberos/bin
PATH: /usr/local/sbin
PATH: /usr/local/bin
PATH: /sbin
PATH: /bin
PATH: /usr/sbin
PATH: /usr/bin
PATH: /usr/X11R6/bin
PATH: /root/bin


## ----------- ##
## Core tests. ##
## ----------- ##

configure:1578: checking for a BSD-compatible install
configure:1633: result: /usr/bin/install -c
configure:1644: checking whether build environment is sane
configure:1687: result: yes
configure:1752: checking for gawk
configure:1768: found /bin/gawk
configure:1778: result: gawk
configure:1788: checking whether make sets $(MAKE)
configure:1808: result: yes
configure:1884: checking for arm-linux-strip
configure:1900: found /usr/local/arm/4.3.2/bin/arm-linux-strip
configure:1910: result: arm-linux-strip
configure:2001: checking for arm-linux-g++
configure:2017: found /usr/local/arm/4.3.2/bin/arm-linux-g++
configure:2027: result: arm-linux-g++
configure:2085: checking for C++ compiler version
configure:2088: arm-linux-g++ --version </dev/null >&5
arm-none-linux-gnueabi-g++ (Sourcery G++ Lite 2008q3-72) 4.3.2
Copyright (C) 2008 Free Software Foundation, Inc.
This is free software; see the source for copying conditions.  There is NO
warranty; not even for MERCHANTABILITY or FITNESS FOR A PARTICULAR PURPOSE.

configure:2091: $? = 0
configure:2093: arm-linux-g++ -v </dev/null >&5
Using built-in specs.
Target: arm-none-linux-gnueabi
Configured with: /scratch/julian/lite-respin/linux/src/gcc-4.3/configure --build=i686-pc-linux-gnu --host=i686-pc-linux-gnu --target=arm-none-linux-gnueabi --enable-threads --disable-libmudflap --disable-libssp --disable-libstdcxx-pch --with-gnu-as --with-gnu-ld --enable-languages=c,c++ --enable-shared --enable-symvers=gnu --enable-__cxa_atexit --with-pkgversion='Sourcery G++ Lite 2008q3-72' --with-bugurl=https://support.codesourcery.com/GNUToolchain/ --disable-nls --prefix=/opt/codesourcery --with-sysroot=/opt/codesourcery/arm-none-linux-gnueabi/libc --with-build-sysroot=/scratch/julian/lite-respin/linux/install/arm-none-linux-gnueabi/libc --with-gmp=/scratch/julian/lite-respin/linux/obj/host-libs-2008q3-72-arm-none-linux-gnueabi-i686-pc-linux-gnu/usr --with-mpfr=/scratch/julian/lite-respin/linux/obj/host-libs-2008q3-72-arm-none-linux-gnueabi-i686-pc-linux-gnu/usr --disable-libgomp --enable-poison-system-directories --with-build-time-tools=/scratch/julian/lite-respin/linux/install/arm-none-linux-gnueabi/bin --with-build-time-tools=/scratch/julian/lite-respin/linux/install/arm-none-linux-gnueabi/bin
Thread model: posix
gcc version 4.3.2 (Sourcery G++ Lite 2008q3-72) 
configure:2096: $? = 0
configure:2098: arm-linux-g++ -V </dev/null >&5
arm-none-linux-gnueabi-g++: argument to '-V' missing

configure:2101: $? = 1
configure:2124: checking for C++ compiler default output file name
configure:2127: arm-linux-g++    conftest.cc  >&5
configure:2130: $? = 0
configure:2176: result: a.out
configure:2181: checking whether the C++ compiler works
configure:2187: ./a.out
./configure: line 2188: ./a.out: cannot execute binary file
configure:2190: $? = 126
configure:2207: result: yes
configure:2214: checking whether we are cross compiling
configure:2216: result: yes
configure:2219: checking for suffix of executables
configure:2221: arm-linux-g++ -o conftest    conftest.cc  >&5
configure:2224: $? = 0
configure:2249: result: 
configure:2255: checking for suffix of object files
configure:2276: arm-linux-g++ -c   conftest.cc >&5
configure:2279: $? = 0
configure:2301: result: o
configure:2305: checking whether we are using the GNU C++ compiler
configure:2329: arm-linux-g++ -c   conftest.cc >&5
configure:2335: $? = 0
configure:2339: test -z 
			 || test ! -s conftest.err
configure:2342: $? = 0
configure:2345: test -s conftest.o
configure:2348: $? = 0
configure:2361: result: yes
configure:2367: checking whether arm-linux-g++ accepts -g
configure:2388: arm-linux-g++ -c -g  conftest.cc >&5
configure:2394: $? = 0
configure:2398: test -z 
			 || test ! -s conftest.err
configure:2401: $? = 0
configure:2404: test -s conftest.o
configure:2407: $? = 0
configure:2418: result: yes
configure:2460: arm-linux-g++ -c -g -O2  conftest.cc >&5
configure:2466: $? = 0
configure:2470: test -z 
			 || test ! -s conftest.err
configure:2473: $? = 0
configure:2476: test -s conftest.o
configure:2479: $? = 0
configure:2505: arm-linux-g++ -c -g -O2  conftest.cc >&5
conftest.cc: In function 'int main()':
conftest.cc:15: error: 'exit' was not declared in this scope
configure:2511: $? = 1
configure: failed program was:
| /* confdefs.h.  */
| 
| #define PACKAGE_NAME "tslib"
| #define PACKAGE_TARNAME "tslib"
| #define PACKAGE_VERSION "0.0.2"
| #define PACKAGE_STRING "tslib 0.0.2"
| #define PACKAGE_BUGREPORT "kergoth@handhelds.org"
| #define PACKAGE "tslib"
| #define VERSION "0.0.2"
| /* end confdefs.h.  */
| 
| int
| main ()
| {
| exit (42);
|   ;
|   return 0;
| }
configure:2460: arm-linux-g++ -c -g -O2  conftest.cc >&5
conftest.cc:11: error: 'void std::exit(int)' should have been declared inside 'std'
configure:2466: $? = 1
configure: failed program was:
| /* confdefs.h.  */
| 
| #define PACKAGE_NAME "tslib"
| #define PACKAGE_TARNAME "tslib"
| #define PACKAGE_VERSION "0.0.2"
| #define PACKAGE_STRING "tslib 0.0.2"
| #define PACKAGE_BUGREPORT "kergoth@handhelds.org"
| #define PACKAGE "tslib"
| #define VERSION "0.0.2"
| /* end confdefs.h.  */
| extern "C" void std::exit (int) throw (); using std::exit;
| #include <stdlib.h>
| int
| main ()
| {
| exit (42);
|   ;
|   return 0;
| }
configure:2460: arm-linux-g++ -c -g -O2  conftest.cc >&5
conftest.cc:11: error: 'void std::exit(int)' should have been declared inside 'std'
In file included from conftest.cc:12:
/usr/local/arm/4.3.2/bin/../arm-none-linux-gnueabi/libc/usr/include/stdlib.h:531: error: declaration of 'void std::exit(int) throw ()' throws different exceptions
conftest.cc:11: error: from previous declaration 'void std::exit(int)'
configure:2466: $? = 1
configure: failed program was:
| /* confdefs.h.  */
| 
| #define PACKAGE_NAME "tslib"
| #define PACKAGE_TARNAME "tslib"
| #define PACKAGE_VERSION "0.0.2"
| #define PACKAGE_STRING "tslib 0.0.2"
| #define PACKAGE_BUGREPORT "kergoth@handhelds.org"
| #define PACKAGE "tslib"
| #define VERSION "0.0.2"
| /* end confdefs.h.  */
| extern "C" void std::exit (int); using std::exit;
| #include <stdlib.h>
| int
| main ()
| {
| exit (42);
|   ;
|   return 0;
| }
configure:2460: arm-linux-g++ -c -g -O2  conftest.cc >&5
configure:2466: $? = 0
configure:2470: test -z 
			 || test ! -s conftest.err
configure:2473: $? = 0
configure:2476: test -s conftest.o
configure:2479: $? = 0
configure:2505: arm-linux-g++ -c -g -O2  conftest.cc >&5
configure:2511: $? = 0
configure:2515: test -z 
			 || test ! -s conftest.err
configure:2518: $? = 0
configure:2521: test -s conftest.o
configure:2524: $? = 0
configure:2558: checking for style of include used by make
configure:2586: result: GNU
configure:2614: checking dependency style of arm-linux-g++
configure:2704: result: gcc3
configure:2729: checking for arm-linux-gcc
configure:2745: found /usr/local/arm/4.3.2/bin/arm-linux-gcc
configure:2755: result: arm-linux-gcc
configure:3037: checking for C compiler version
configure:3040: arm-linux-gcc --version </dev/null >&5
arm-none-linux-gnueabi-gcc (Sourcery G++ Lite 2008q3-72) 4.3.2
Copyright (C) 2008 Free Software Foundation, Inc.
This is free software; see the source for copying conditions.  There is NO
warranty; not even for MERCHANTABILITY or FITNESS FOR A PARTICULAR PURPOSE.

configure:3043: $? = 0
configure:3045: arm-linux-gcc -v </dev/null >&5
Using built-in specs.
Target: arm-none-linux-gnueabi
Configured with: /scratch/julian/lite-respin/linux/src/gcc-4.3/configure --build=i686-pc-linux-gnu --host=i686-pc-linux-gnu --target=arm-none-linux-gnueabi --enable-threads --disable-libmudflap --disable-libssp --disable-libstdcxx-pch --with-gnu-as --with-gnu-ld --enable-languages=c,c++ --enable-shared --enable-symvers=gnu --enable-__cxa_atexit --with-pkgversion='Sourcery G++ Lite 2008q3-72' --with-bugurl=https://support.codesourcery.com/GNUToolchain/ --disable-nls --prefix=/opt/codesourcery --with-sysroot=/opt/codesourcery/arm-none-linux-gnueabi/libc --with-build-sysroot=/scratch/julian/lite-respin/linux/install/arm-none-linux-gnueabi/libc --with-gmp=/scratch/julian/lite-respin/linux/obj/host-libs-2008q3-72-arm-none-linux-gnueabi-i686-pc-linux-gnu/usr --with-mpfr=/scratch/julian/lite-respin/linux/obj/host-libs-2008q3-72-arm-none-linux-gnueabi-i686-pc-linux-gnu/usr --disable-libgomp --enable-poison-system-directories --with-build-time-tools=/scratch/julian/lite-respin/linux/install/arm-none-linux-gnueabi/bin --with-build-time-tools=/scratch/julian/lite-respin/linux/install/arm-none-linux-gnueabi/bin
Thread model: posix
gcc version 4.3.2 (Sourcery G++ Lite 2008q3-72) 
configure:3048: $? = 0
configure:3050: arm-linux-gcc -V </dev/null >&5
arm-none-linux-gnueabi-gcc: '-V' must come at the start of the command line
configure:3053: $? = 1
configure:3056: checking whether we are using the GNU C compiler
configure:3080: arm-linux-gcc -c -O2 -Wall -W  conftest.c >&5
configure:3086: $? = 0
configure:3090: test -z 
			 || test ! -s conftest.err
configure:3093: $? = 0
configure:3096: test -s conftest.o
configure:3099: $? = 0
configure:3112: result: yes
configure:3118: checking whether arm-linux-gcc accepts -g
configure:3139: arm-linux-gcc -c -g  conftest.c >&5
configure:3145: $? = 0
configure:3149: test -z 
			 || test ! -s conftest.err
configure:3152: $? = 0
configure:3155: test -s conftest.o
configure:3158: $? = 0
configure:3169: result: yes
configure:3186: checking for arm-linux-gcc option to accept ANSI C
configure:3256: arm-linux-gcc  -c -O2 -Wall -W  conftest.c >&5
configure:3262: $? = 0
configure:3266: test -z 
			 || test ! -s conftest.err
configure:3269: $? = 0
configure:3272: test -s conftest.o
configure:3275: $? = 0
configure:3293: result: none needed
configure:3311: arm-linux-gcc -c -O2 -Wall -W  conftest.c >&5
conftest.c:2: error: expected '=', ',', ';', 'asm' or '__attribute__' before 'me'
configure:3317: $? = 1
configure: failed program was:
| #ifndef __cplusplus
|   choke me
| #endif
configure:3452: checking dependency style of arm-linux-gcc
configure:3542: result: gcc3
configure:3564: checking how to run the C preprocessor
configure:3599: arm-linux-gcc -E  conftest.c
configure:3605: $? = 0
configure:3637: arm-linux-gcc -E  conftest.c
conftest.c:14:28: error: ac_nonexistent.h: No such file or directory
configure:3643: $? = 1
configure: failed program was:
| /* confdefs.h.  */
| 
| #define PACKAGE_NAME "tslib"
| #define PACKAGE_TARNAME "tslib"
| #define PACKAGE_VERSION "0.0.2"
| #define PACKAGE_STRING "tslib 0.0.2"
| #define PACKAGE_BUGREPORT "kergoth@handhelds.org"
| #define PACKAGE "tslib"
| #define VERSION "0.0.2"
| #ifdef __cplusplus
| extern "C" void exit (int) throw ();
| #endif
| /* end confdefs.h.  */
| #include <ac_nonexistent.h>
configure:3682: result: arm-linux-gcc -E
configure:3706: arm-linux-gcc -E  conftest.c
configure:3712: $? = 0
configure:3744: arm-linux-gcc -E  conftest.c
conftest.c:14:28: error: ac_nonexistent.h: No such file or directory
configure:3750: $? = 1
configure: failed program was:
| /* confdefs.h.  */
| 
| #define PACKAGE_NAME "tslib"
| #define PACKAGE_TARNAME "tslib"
| #define PACKAGE_VERSION "0.0.2"
| #define PACKAGE_STRING "tslib 0.0.2"
| #define PACKAGE_BUGREPORT "kergoth@handhelds.org"
| #define PACKAGE "tslib"
| #define VERSION "0.0.2"
| #ifdef __cplusplus
| extern "C" void exit (int) throw ();
| #endif
| /* end confdefs.h.  */
| #include <ac_nonexistent.h>
configure:3797: checking whether the C compiler supports -fvisibility=hidden
configure:3819: arm-linux-gcc -c -fvisibility=hidden -O2 -Wall -W  conftest.c >&5
configure:3825: $? = 0
configure:3829: test -z 
			 || test ! -s conftest.err
configure:3832: $? = 0
configure:3835: test -s conftest.o
configure:3838: $? = 0
configure:3850: result: yes
configure:3858: checking whether to use -fvisibility=hidden
configure:3871: result: yes
configure:3893: checking for a BSD-compatible install
configure:3948: result: /usr/bin/install -c
configure:3959: checking whether ln -s works
configure:3963: result: yes
configure:3970: checking whether make sets $(MAKE)
configure:3990: result: yes
configure:4080: checking build system type
configure:4098: result: i686-pc-linux-gnu
configure:4106: checking host system type
configure:4120: result: arm-unknown-linux-gnu
configure:4128: checking for a sed that does not truncate output
configure:4184: result: /bin/sed
configure:4187: checking for egrep
configure:4197: result: grep -E
configure:4213: checking for ld used by arm-linux-gcc
configure:4280: result: /usr/local/arm/4.3.2/arm-none-linux-gnueabi/bin/ld
configure:4289: checking if the linker (/usr/local/arm/4.3.2/arm-none-linux-gnueabi/bin/ld) is GNU ld
configure:4304: result: yes
configure:4309: checking for /usr/local/arm/4.3.2/arm-none-linux-gnueabi/bin/ld option to reload object files
configure:4316: result: -r
configure:4334: checking for BSD-compatible nm
configure:4383: result: /usr/local/arm/4.3.2/bin/arm-linux-nm -B
configure:4387: checking how to recognise dependent libraries
configure:4563: result: pass_all
configure:4795: checking for ANSI C header files
configure:4820: arm-linux-gcc -c -DGCC_HASCLASSVISIBILITY -O2 -Wall -W  conftest.c >&5
configure:4826: $? = 0
configure:4830: test -z 
			 || test ! -s conftest.err
configure:4833: $? = 0
configure:4836: test -s conftest.o
configure:4839: $? = 0
configure:4951: result: yes
configure:4975: checking for sys/types.h
configure:4991: arm-linux-gcc -c -DGCC_HASCLASSVISIBILITY -O2 -Wall -W  conftest.c >&5
configure:4997: $? = 0
configure:5001: test -z 
			 || test ! -s conftest.err
configure:5004: $? = 0
configure:5007: test -s conftest.o
configure:5010: $? = 0
configure:5021: result: yes
configure:4975: checking for sys/stat.h
configure:4991: arm-linux-gcc -c -DGCC_HASCLASSVISIBILITY -O2 -Wall -W  conftest.c >&5
configure:4997: $? = 0
configure:5001: test -z 
			 || test ! -s conftest.err
configure:5004: $? = 0
configure:5007: test -s conftest.o
configure:5010: $? = 0
configure:5021: result: yes
configure:4975: checking for stdlib.h
configure:4991: arm-linux-gcc -c -DGCC_HASCLASSVISIBILITY -O2 -Wall -W  conftest.c >&5
configure:4997: $? = 0
configure:5001: test -z 
			 || test ! -s conftest.err
configure:5004: $? = 0
configure:5007: test -s conftest.o
configure:5010: $? = 0
configure:5021: result: yes
configure:4975: checking for string.h
configure:4991: arm-linux-gcc -c -DGCC_HASCLASSVISIBILITY -O2 -Wall -W  conftest.c >&5
configure:4997: $? = 0
configure:5001: test -z 
			 || test ! -s conftest.err
configure:5004: $? = 0
configure:5007: test -s conftest.o
configure:5010: $? = 0
configure:5021: result: yes
configure:4975: checking for memory.h
configure:4991: arm-linux-gcc -c -DGCC_HASCLASSVISIBILITY -O2 -Wall -W  conftest.c >&5
configure:4997: $? = 0
configure:5001: test -z 
			 || test ! -s conftest.err
configure:5004: $? = 0
configure:5007: test -s conftest.o
configure:5010: $? = 0
configure:5021: result: yes
configure:4975: checking for strings.h
configure:4991: arm-linux-gcc -c -DGCC_HASCLASSVISIBILITY -O2 -Wall -W  conftest.c >&5
configure:4997: $? = 0
configure:5001: test -z 
			 || test ! -s conftest.err
configure:5004: $? = 0
configure:5007: test -s conftest.o
configure:5010: $? = 0
configure:5021: result: yes
configure:4975: checking for inttypes.h
configure:4991: arm-linux-gcc -c -DGCC_HASCLASSVISIBILITY -O2 -Wall -W  conftest.c >&5
configure:4997: $? = 0
configure:5001: test -z 
			 || test ! -s conftest.err
configure:5004: $? = 0
configure:5007: test -s conftest.o
configure:5010: $? = 0
configure:5021: result: yes
configure:4975: checking for stdint.h
configure:4991: arm-linux-gcc -c -DGCC_HASCLASSVISIBILITY -O2 -Wall -W  conftest.c >&5
configure:4997: $? = 0
configure:5001: test -z 
			 || test ! -s conftest.err
configure:5004: $? = 0
configure:5007: test -s conftest.o
configure:5010: $? = 0
configure:5021: result: yes
configure:4975: checking for unistd.h
configure:4991: arm-linux-gcc -c -DGCC_HASCLASSVISIBILITY -O2 -Wall -W  conftest.c >&5
configure:4997: $? = 0
configure:5001: test -z 
			 || test ! -s conftest.err
configure:5004: $? = 0
configure:5007: test -s conftest.o
configure:5010: $? = 0
configure:5021: result: yes
configure:5047: checking dlfcn.h usability
configure:5059: arm-linux-gcc -c -DGCC_HASCLASSVISIBILITY -O2 -Wall -W  conftest.c >&5
configure:5065: $? = 0
configure:5069: test -z 
			 || test ! -s conftest.err
configure:5072: $? = 0
configure:5075: test -s conftest.o
configure:5078: $? = 0
configure:5088: result: yes
configure:5092: checking dlfcn.h presence
configure:5102: arm-linux-gcc -E  conftest.c
configure:5108: $? = 0
configure:5128: result: yes
configure:5163: checking for dlfcn.h
configure:5170: result: yes
configure:5193: checking how to run the C++ preprocessor
configure:5224: arm-linux-g++ -E  conftest.cc
configure:5230: $? = 0
configure:5262: arm-linux-g++ -E  conftest.cc
conftest.cc:25:28: error: ac_nonexistent.h: No such file or directory
configure:5268: $? = 1
configure: failed program was:
| /* confdefs.h.  */
| 
| #define PACKAGE_NAME "tslib"
| #define PACKAGE_TARNAME "tslib"
| #define PACKAGE_VERSION "0.0.2"
| #define PACKAGE_STRING "tslib 0.0.2"
| #define PACKAGE_BUGREPORT "kergoth@handhelds.org"
| #define PACKAGE "tslib"
| #define VERSION "0.0.2"
| #ifdef __cplusplus
| extern "C" void exit (int) throw ();
| #endif
| #define STDC_HEADERS 1
| #define HAVE_SYS_TYPES_H 1
| #define HAVE_SYS_STAT_H 1
| #define HAVE_STDLIB_H 1
| #define HAVE_STRING_H 1
| #define HAVE_MEMORY_H 1
| #define HAVE_STRINGS_H 1
| #define HAVE_INTTYPES_H 1
| #define HAVE_STDINT_H 1
| #define HAVE_UNISTD_H 1
| #define HAVE_DLFCN_H 1
| /* end confdefs.h.  */
| #include <ac_nonexistent.h>
configure:5307: result: arm-linux-g++ -E
configure:5331: arm-linux-g++ -E  conftest.cc
configure:5337: $? = 0
configure:5369: arm-linux-g++ -E  conftest.cc
conftest.cc:25:28: error: ac_nonexistent.h: No such file or directory
configure:5375: $? = 1
configure: failed program was:
| /* confdefs.h.  */
| 
| #define PACKAGE_NAME "tslib"
| #define PACKAGE_TARNAME "tslib"
| #define PACKAGE_VERSION "0.0.2"
| #define PACKAGE_STRING "tslib 0.0.2"
| #define PACKAGE_BUGREPORT "kergoth@handhelds.org"
| #define PACKAGE "tslib"
| #define VERSION "0.0.2"
| #ifdef __cplusplus
| extern "C" void exit (int) throw ();
| #endif
| #define STDC_HEADERS 1
| #define HAVE_SYS_TYPES_H 1
| #define HAVE_SYS_STAT_H 1
| #define HAVE_STDLIB_H 1
| #define HAVE_STRING_H 1
| #define HAVE_MEMORY_H 1
| #define HAVE_STRINGS_H 1
| #define HAVE_INTTYPES_H 1
| #define HAVE_STDINT_H 1
| #define HAVE_UNISTD_H 1
| #define HAVE_DLFCN_H 1
| /* end confdefs.h.  */
| #include <ac_nonexistent.h>
configure:5430: checking for arm-linux-g77
configure:5459: result: no
configure:5430: checking for arm-linux-f77
configure:5459: result: no
configure:5430: checking for arm-linux-xlf
configure:5459: result: no
configure:5430: checking for arm-linux-frt
configure:5459: result: no
configure:5430: checking for arm-linux-pgf77
configure:5459: result: no
configure:5430: checking for arm-linux-fort77
configure:5459: result: no
configure:5430: checking for arm-linux-fl32
configure:5459: result: no
configure:5430: checking for arm-linux-af77
configure:5459: result: no
configure:5430: checking for arm-linux-f90
configure:5459: result: no
configure:5430: checking for arm-linux-xlf90
configure:5459: result: no
configure:5430: checking for arm-linux-pgf90
configure:5459: result: no
configure:5430: checking for arm-linux-epcf90
configure:5459: result: no
configure:5430: checking for arm-linux-f95
configure:5459: result: no
configure:5430: checking for arm-linux-fort
configure:5459: result: no
configure:5430: checking for arm-linux-xlf95
configure:5459: result: no
configure:5430: checking for arm-linux-ifc
configure:5459: result: no
configure:5430: checking for arm-linux-efc
configure:5459: result: no
configure:5430: checking for arm-linux-pgf95
configure:5459: result: no
configure:5430: checking for arm-linux-lf95
configure:5459: result: no
configure:5430: checking for arm-linux-gfortran
configure:5459: result: no
configure:5472: checking for g77
configure:5488: found /usr/bin/g77
configure:5498: result: g77
configure:5513: checking for Fortran 77 compiler version
configure:5516: g77 --version </dev/null >&5
GNU Fortran (GCC) 3.4.6 20060404 (Red Hat 3.4.6-4)
Copyright (C) 2006 Free Software Foundation, Inc.

GNU Fortran comes with NO WARRANTY, to the extent permitted by law.
You may redistribute copies of GNU Fortran
under the terms of the GNU General Public License.
For more information about these matters, see the file named COPYING
or type the command `info -f g77 Copying'.
configure:5519: $? = 0
configure:5521: g77 -v </dev/null >&5
Reading specs from /usr/lib/gcc/i386-redhat-linux/3.4.6/specs
Configured with: ../configure --prefix=/usr --mandir=/usr/share/man --infodir=/usr/share/info --enable-shared --enable-threads=posix --disable-checking --with-system-zlib --enable-__cxa_atexit --disable-libunwind-exceptions --enable-languages=c,c++,f77 --disable-libgcj --host=i386-redhat-linux
Thread model: posix
gcc version 3.4.6 20060404 (Red Hat 3.4.6-4)
configure:5524: $? = 0
configure:5526: g77 -V </dev/null >&5
g77: `-V' option must have argument
configure:5529: $? = 1
configure:5537: checking whether we are using the GNU Fortran 77 compiler
configure:5551: g77 -c  conftest.F >&5
configure:5557: $? = 0
configure:5561: test -z 
			 || test ! -s conftest.err
configure:5564: $? = 0
configure:5567: test -s conftest.o
configure:5570: $? = 0
configure:5583: result: yes
configure:5589: checking whether g77 accepts -g
configure:5601: g77 -c -g conftest.f >&5
configure:5607: $? = 0
configure:5611: test -z 
			 || test ! -s conftest.err
configure:5614: $? = 0
configure:5617: test -s conftest.o
configure:5620: $? = 0
configure:5632: result: yes
configure:5662: checking the maximum length of command line arguments
configure:5771: result: 32768
configure:5782: checking command to parse /usr/local/arm/4.3.2/bin/arm-linux-nm -B output from arm-linux-gcc object
configure:5887: arm-linux-gcc -c -DGCC_HASCLASSVISIBILITY -O2 -Wall -W  conftest.c >&5
configure:5890: $? = 0
configure:5894: /usr/local/arm/4.3.2/bin/arm-linux-nm -B conftest.o \| sed -n -e 's/^.*[ 	]\([ABCDGIRSTW][ABCDGIRSTW]*\)[ 	][ 	]*\([_A-Za-z][_A-Za-z0-9]*\)$/\1 \2 \2/p' \> conftest.nm
configure:5897: $? = 0
configure:5949: arm-linux-gcc -o conftest -DGCC_HASCLASSVISIBILITY -O2 -Wall -W   conftest.c conftstm.o >&5
configure:5952: $? = 0
configure:5990: result: ok
configure:5994: checking for objdir
configure:6009: result: .libs
configure:6061: checking for arm-linux-ar
configure:6077: found /usr/local/arm/4.3.2/bin/arm-linux-ar
configure:6087: result: arm-linux-ar
configure:6141: checking for arm-linux-ranlib
configure:6157: found /usr/local/arm/4.3.2/bin/arm-linux-ranlib
configure:6167: result: arm-linux-ranlib
configure:6221: checking for arm-linux-strip
configure:6247: result: arm-linux-strip
configure:6558: checking if arm-linux-gcc supports -fno-rtti -fno-exceptions
configure:6576: arm-linux-gcc -c -DGCC_HASCLASSVISIBILITY -O2 -Wall -W  -fno-rtti -fno-exceptions conftest.c >&5
cc1: warning: command line option "-fno-rtti" is valid for C++/ObjC++ but not for C
configure:6580: $? = 0
configure:6593: result: no
configure:6608: checking for arm-linux-gcc option to produce PIC
configure:6818: result: -fPIC
configure:6826: checking if arm-linux-gcc PIC flag -fPIC works
configure:6844: arm-linux-gcc -c -DGCC_HASCLASSVISIBILITY -O2 -Wall -W  -fPIC -DPIC conftest.c >&5
configure:6848: $? = 0
configure:6861: result: yes
configure:6889: checking if arm-linux-gcc static flag -static works
configure:6917: result: yes
configure:6927: checking if arm-linux-gcc supports -c -o file.o
configure:6948: arm-linux-gcc -c -DGCC_HASCLASSVISIBILITY -O2 -Wall -W  -o out/conftest2.o conftest.c >&5
configure:6952: $? = 0
configure:6974: result: yes
configure:7000: checking whether the arm-linux-gcc linker (/usr/local/arm/4.3.2/arm-none-linux-gnueabi/bin/ld) supports shared libraries
configure:7958: result: yes
configure:7979: checking whether -lc should be explicitly linked in
configure:7984: arm-linux-gcc -c -DGCC_HASCLASSVISIBILITY -O2 -Wall -W  conftest.c >&5
configure:7987: $? = 0
configure:8002: arm-linux-gcc -shared conftest.o  -v -Wl,-soname -Wl,conftest -o conftest 2\>\&1 \| grep  -lc  \>/dev/null 2\>\&1
configure:8005: $? = 0
configure:8017: result: no
configure:8025: checking dynamic linker characteristics
configure:8634: result: GNU/Linux ld.so
configure:8643: checking how to hardcode library paths into programs
configure:8668: result: immediate
configure:8682: checking whether stripping libraries is possible
configure:8687: result: yes
configure:8813: checking for shl_load
configure:8870: arm-linux-gcc -o conftest -DGCC_HASCLASSVISIBILITY -O2 -Wall -W   conftest.c  >&5
/tmp/ccw32YVi.o: In function `main':
conftest.c:(.text+0x1c): undefined reference to `shl_load'
/tmp/ccw32YVi.o:(.data+0x0): undefined reference to `shl_load'
collect2: ld returned 1 exit status
configure:8876: $? = 1
configure: failed program was:
| /* confdefs.h.  */
| 
| #define PACKAGE_NAME "tslib"
| #define PACKAGE_TARNAME "tslib"
| #define PACKAGE_VERSION "0.0.2"
| #define PACKAGE_STRING "tslib 0.0.2"
| #define PACKAGE_BUGREPORT "kergoth@handhelds.org"
| #define PACKAGE "tslib"
| #define VERSION "0.0.2"
| #ifdef __cplusplus
| extern "C" void exit (int) throw ();
| #endif
| #define STDC_HEADERS 1
| #define HAVE_SYS_TYPES_H 1
| #define HAVE_SYS_STAT_H 1
| #define HAVE_STDLIB_H 1
| #define HAVE_STRING_H 1
| #define HAVE_MEMORY_H 1
| #define HAVE_STRINGS_H 1
| #define HAVE_INTTYPES_H 1
| #define HAVE_STDINT_H 1
| #define HAVE_UNISTD_H 1
| #define HAVE_DLFCN_H 1
| /* end confdefs.h.  */
| /* Define shl_load to an innocuous variant, in case <limits.h> declares shl_load.
|    For example, HP-UX 11i <limits.h> declares gettimeofday.  */
| #define shl_load innocuous_shl_load
| 
| /* System header to define __stub macros and hopefully few prototypes,
|     which can conflict with char shl_load (); below.
|     Prefer <limits.h> to <assert.h> if __STDC__ is defined, since
|     <limits.h> exists even on freestanding compilers.  */
| 
| #ifdef __STDC__
| # include <limits.h>
| #else
| # include <assert.h>
| #endif
| 
| #undef shl_load
| 
| /* Override any gcc2 internal prototype to avoid an error.  */
| #ifdef __cplusplus
| extern "C"
| {
| #endif
| /* We use char because int might match the return type of a gcc2
|    builtin and then its argument prototype would still apply.  */
| char shl_load ();
| /* The GNU C library defines this for functions which it implements
|     to always fail with ENOSYS.  Some functions are actually named
|     something starting with __ and the normal name is an alias.  */
| #if defined (__stub_shl_load) || defined (__stub___shl_load)
| choke me
| #else
| char (*f) () = shl_load;
| #endif
| #ifdef __cplusplus
| }
| #endif
| 
| int
| main ()
| {
| return f != shl_load;
|   ;
|   return 0;
| }
configure:8901: result: no
configure:8906: checking for shl_load in -ldld
configure:8936: arm-linux-gcc -o conftest -DGCC_HASCLASSVISIBILITY -O2 -Wall -W   conftest.c -ldld   >&5
/usr/local/arm/4.3.2/bin/../lib/gcc/arm-none-linux-gnueabi/4.3.2/../../../../arm-none-linux-gnueabi/bin/ld: cannot find -ldld
collect2: ld returned 1 exit status
configure:8942: $? = 1
configure: failed program was:
| /* confdefs.h.  */
| 
| #define PACKAGE_NAME "tslib"
| #define PACKAGE_TARNAME "tslib"
| #define PACKAGE_VERSION "0.0.2"
| #define PACKAGE_STRING "tslib 0.0.2"
| #define PACKAGE_BUGREPORT "kergoth@handhelds.org"
| #define PACKAGE "tslib"
| #define VERSION "0.0.2"
| #ifdef __cplusplus
| extern "C" void exit (int) throw ();
| #endif
| #define STDC_HEADERS 1
| #define HAVE_SYS_TYPES_H 1
| #define HAVE_SYS_STAT_H 1
| #define HAVE_STDLIB_H 1
| #define HAVE_STRING_H 1
| #define HAVE_MEMORY_H 1
| #define HAVE_STRINGS_H 1
| #define HAVE_INTTYPES_H 1
| #define HAVE_STDINT_H 1
| #define HAVE_UNISTD_H 1
| #define HAVE_DLFCN_H 1
| /* end confdefs.h.  */
| 
| /* Override any gcc2 internal prototype to avoid an error.  */
| #ifdef __cplusplus
| extern "C"
| #endif
| /* We use char because int might match the return type of a gcc2
|    builtin and then its argument prototype would still apply.  */
| char shl_load ();
| int
| main ()
| {
| shl_load ();
|   ;
|   return 0;
| }
configure:8968: result: no
configure:8973: checking for dlopen
configure:9030: arm-linux-gcc -o conftest -DGCC_HASCLASSVISIBILITY -O2 -Wall -W   conftest.c  >&5
/tmp/cceVlSBc.o: In function `main':
conftest.c:(.text+0x1c): undefined reference to `dlopen'
/tmp/cceVlSBc.o:(.data+0x0): undefined reference to `dlopen'
collect2: ld returned 1 exit status
configure:9036: $? = 1
configure: failed program was:
| /* confdefs.h.  */
| 
| #define PACKAGE_NAME "tslib"
| #define PACKAGE_TARNAME "tslib"
| #define PACKAGE_VERSION "0.0.2"
| #define PACKAGE_STRING "tslib 0.0.2"
| #define PACKAGE_BUGREPORT "kergoth@handhelds.org"
| #define PACKAGE "tslib"
| #define VERSION "0.0.2"
| #ifdef __cplusplus
| extern "C" void exit (int) throw ();
| #endif
| #define STDC_HEADERS 1
| #define HAVE_SYS_TYPES_H 1
| #define HAVE_SYS_STAT_H 1
| #define HAVE_STDLIB_H 1
| #define HAVE_STRING_H 1
| #define HAVE_MEMORY_H 1
| #define HAVE_STRINGS_H 1
| #define HAVE_INTTYPES_H 1
| #define HAVE_STDINT_H 1
| #define HAVE_UNISTD_H 1
| #define HAVE_DLFCN_H 1
| /* end confdefs.h.  */
| /* Define dlopen to an innocuous variant, in case <limits.h> declares dlopen.
|    For example, HP-UX 11i <limits.h> declares gettimeofday.  */
| #define dlopen innocuous_dlopen
| 
| /* System header to define __stub macros and hopefully few prototypes,
|     which can conflict with char dlopen (); below.
|     Prefer <limits.h> to <assert.h> if __STDC__ is defined, since
|     <limits.h> exists even on freestanding compilers.  */
| 
| #ifdef __STDC__
| # include <limits.h>
| #else
| # include <assert.h>
| #endif
| 
| #undef dlopen
| 
| /* Override any gcc2 internal prototype to avoid an error.  */
| #ifdef __cplusplus
| extern "C"
| {
| #endif
| /* We use char because int might match the return type of a gcc2
|    builtin and then its argument prototype would still apply.  */
| char dlopen ();
| /* The GNU C library defines this for functions which it implements
|     to always fail with ENOSYS.  Some functions are actually named
|     something starting with __ and the normal name is an alias.  */
| #if defined (__stub_dlopen) || defined (__stub___dlopen)
| choke me
| #else
| char (*f) () = dlopen;
| #endif
| #ifdef __cplusplus
| }
| #endif
| 
| int
| main ()
| {
| return f != dlopen;
|   ;
|   return 0;
| }
configure:9061: result: no
configure:9066: checking for dlopen in -ldl
configure:9096: arm-linux-gcc -o conftest -DGCC_HASCLASSVISIBILITY -O2 -Wall -W   conftest.c -ldl   >&5
configure:9102: $? = 0
configure:9106: test -z 
			 || test ! -s conftest.err
configure:9109: $? = 0
configure:9112: test -s conftest
configure:9115: $? = 0
configure:9128: result: yes
configure:9303: checking whether a program can dlopen itself
configure:9398: result: cross
configure:9521: checking if libtool supports shared libraries
configure:9523: result: yes
configure:9526: checking whether to build shared libraries
configure:9547: result: yes
configure:9550: checking whether to build static libraries
configure:9554: result: no
configure:9646: creating libtool
configure:10237: checking for ld used by arm-linux-g++
configure:10304: result: /usr/local/arm/4.3.2/arm-none-linux-gnueabi/bin/ld
configure:10313: checking if the linker (/usr/local/arm/4.3.2/arm-none-linux-gnueabi/bin/ld) is GNU ld
configure:10328: result: yes
configure:10379: checking whether the arm-linux-g++ linker (/usr/local/arm/4.3.2/arm-none-linux-gnueabi/bin/ld) supports shared libraries
configure:11317: result: yes
configure:11335: arm-linux-g++ -c -g -O2  conftest.cpp >&5
configure:11338: $? = 0
configure:11457: checking for arm-linux-g++ option to produce PIC
configure:11731: result: -fPIC
configure:11739: checking if arm-linux-g++ PIC flag -fPIC works
configure:11757: arm-linux-g++ -c -g -O2  -fPIC -DPIC conftest.cpp >&5
configure:11761: $? = 0
configure:11774: result: yes
configure:11802: checking if arm-linux-g++ static flag -static works
configure:11830: result: yes
configure:11840: checking if arm-linux-g++ supports -c -o file.o
configure:11861: arm-linux-g++ -c -g -O2  -o out/conftest2.o conftest.cpp >&5
configure:11865: $? = 0
configure:11887: result: yes
configure:11913: checking whether the arm-linux-g++ linker (/usr/local/arm/4.3.2/arm-none-linux-gnueabi/bin/ld) supports shared libraries
configure:11938: result: yes
configure:12005: checking dynamic linker characteristics
configure:12614: result: GNU/Linux ld.so
configure:12623: checking how to hardcode library paths into programs
configure:12648: result: immediate
configure:13177: checking if libtool supports shared libraries
configure:13179: result: yes
configure:13182: checking whether to build shared libraries
configure:13202: result: yes
configure:13205: checking whether to build static libraries
configure:13209: result: no
configure:13219: checking for g77 option to produce PIC
configure:13429: result: -fPIC
configure:13437: checking if g77 PIC flag -fPIC works
configure:13455: g77 -c -g -O2 -fPIC conftest.f >&5
configure:13459: $? = 0
configure:13472: result: yes
configure:13500: checking if g77 static flag -static works
configure:13528: result: yes
configure:13538: checking if g77 supports -c -o file.o
configure:13559: g77 -c -g -O2 -o out/conftest2.o conftest.f >&5
configure:13563: $? = 0
configure:13585: result: yes
configure:13611: checking whether the g77 linker (/usr/local/arm/4.3.2/arm-none-linux-gnueabi/bin/ld) supports shared libraries
configure:14549: result: yes
configure:14616: checking dynamic linker characteristics
configure:15225: result: GNU/Linux ld.so
configure:15234: checking how to hardcode library paths into programs
configure:15259: result: immediate
configure:18855: checking for dlopen in -ldl
configure:18917: result: yes
configure:18932: checking for working alloca.h
configure:18953: arm-linux-gcc -o conftest -DGCC_HASCLASSVISIBILITY -O2 -Wall -W   conftest.c -ldl  >&5
conftest.c: In function 'main':
conftest.c:30: warning: unused variable 'p'
configure:18959: $? = 0
configure:18963: test -z 
			 || test ! -s conftest.err
configure:18966: $? = 0
configure:18969: test -s conftest
configure:18972: $? = 0
configure:18984: result: yes
configure:18994: checking for alloca
configure:19035: arm-linux-gcc -o conftest -DGCC_HASCLASSVISIBILITY -O2 -Wall -W   conftest.c -ldl  >&5
conftest.c: In function 'main':
conftest.c:51: warning: unused variable 'p'
configure:19041: $? = 0
configure:19045: test -z 
			 || test ! -s conftest.err
configure:19048: $? = 0
configure:19051: test -s conftest
configure:19054: $? = 0
configure:19066: result: yes
configure:19289: checking for ANSI C header files
configure:19445: result: yes
configure:19475: checking fcntl.h usability
configure:19487: arm-linux-gcc -c -DGCC_HASCLASSVISIBILITY -O2 -Wall -W  conftest.c >&5
configure:19493: $? = 0
configure:19497: test -z 
			 || test ! -s conftest.err
configure:19500: $? = 0
configure:19503: test -s conftest.o
configure:19506: $? = 0
configure:19516: result: yes
configure:19520: checking fcntl.h presence
configure:19530: arm-linux-gcc -E  conftest.c
configure:19536: $? = 0
configure:19556: result: yes
configure:19591: checking for fcntl.h
configure:19598: result: yes
configure:19475: checking limits.h usability
configure:19487: arm-linux-gcc -c -DGCC_HASCLASSVISIBILITY -O2 -Wall -W  conftest.c >&5
configure:19493: $? = 0
configure:19497: test -z 
			 || test ! -s conftest.err
configure:19500: $? = 0
configure:19503: test -s conftest.o
configure:19506: $? = 0
configure:19516: result: yes
configure:19520: checking limits.h presence
configure:19530: arm-linux-gcc -E  conftest.c
configure:19536: $? = 0
configure:19556: result: yes
configure:19591: checking for limits.h
configure:19598: result: yes
configure:19466: checking for stdlib.h
configure:19471: result: yes
configure:19466: checking for string.h
configure:19471: result: yes
configure:19475: checking sys/ioctl.h usability
configure:19487: arm-linux-gcc -c -DGCC_HASCLASSVISIBILITY -O2 -Wall -W  conftest.c >&5
configure:19493: $? = 0
configure:19497: test -z 
			 || test ! -s conftest.err
configure:19500: $? = 0
configure:19503: test -s conftest.o
configure:19506: $? = 0
configure:19516: result: yes
configure:19520: checking sys/ioctl.h presence
configure:19530: arm-linux-gcc -E  conftest.c
configure:19536: $? = 0
configure:19556: result: yes
configure:19591: checking for sys/ioctl.h
configure:19598: result: yes
configure:19475: checking sys/time.h usability
configure:19487: arm-linux-gcc -c -DGCC_HASCLASSVISIBILITY -O2 -Wall -W  conftest.c >&5
configure:19493: $? = 0
configure:19497: test -z 
			 || test ! -s conftest.err
configure:19500: $? = 0
configure:19503: test -s conftest.o
configure:19506: $? = 0
configure:19516: result: yes
configure:19520: checking sys/time.h presence
configure:19530: arm-linux-gcc -E  conftest.c
configure:19536: $? = 0
configure:19556: result: yes
configure:19591: checking for sys/time.h
configure:19598: result: yes
configure:19466: checking for unistd.h
configure:19471: result: yes
configure:19613: checking for an ANSI C-conforming const
configure:19680: arm-linux-gcc -c -DGCC_HASCLASSVISIBILITY -O2 -Wall -W  conftest.c >&5
conftest.c: In function 'main':
conftest.c:63: warning: unused variable 's'
conftest.c:83: warning: unused variable 'foo'
conftest.c:50: warning: unused variable 'zero'
conftest.c:44: warning: unused variable 'x'
conftest.c:65: warning: 't' is used uninitialized in this function
conftest.c:80: warning: 'b' is used uninitialized in this function
configure:19686: $? = 0
configure:19690: test -z 
			 || test ! -s conftest.err
configure:19693: $? = 0
configure:19696: test -s conftest.o
configure:19699: $? = 0
configure:19710: result: yes
configure:19720: checking for inline
configure:19741: arm-linux-gcc -c -DGCC_HASCLASSVISIBILITY -O2 -Wall -W  conftest.c >&5
configure:19747: $? = 0
configure:19751: test -z 
			 || test ! -s conftest.err
configure:19754: $? = 0
configure:19757: test -s conftest.o
configure:19760: $? = 0
configure:19772: result: inline
configure:19791: checking for size_t
configure:19815: arm-linux-gcc -c -DGCC_HASCLASSVISIBILITY -O2 -Wall -W  conftest.c >&5
configure:19821: $? = 0
configure:19825: test -z 
			 || test ! -s conftest.err
configure:19828: $? = 0
configure:19831: test -s conftest.o
configure:19834: $? = 0
configure:19845: result: yes
configure:19857: checking whether time.h and sys/time.h may both be included
configure:19882: arm-linux-gcc -c -DGCC_HASCLASSVISIBILITY -O2 -Wall -W  conftest.c >&5
configure:19888: $? = 0
configure:19892: test -z 
			 || test ! -s conftest.err
configure:19895: $? = 0
configure:19898: test -s conftest.o
configure:19901: $? = 0
configure:19912: result: yes
configure:19925: checking whether arm-linux-gcc needs -traditional
configure:19967: result: no
configure:19979: checking for stdlib.h
configure:19984: result: yes
configure:20124: checking for GNU libc compatible malloc
configure:20175: result: yes
configure:20211: checking for stdlib.h
configure:20216: result: yes
configure:20211: checking for unistd.h
configure:20216: result: yes
configure:20360: checking for getpagesize
configure:20417: arm-linux-gcc -o conftest -DGCC_HASCLASSVISIBILITY -O2 -Wall -W   conftest.c -ldl  >&5
configure:20423: $? = 0
configure:20427: test -z 
			 || test ! -s conftest.err
configure:20430: $? = 0
configure:20433: test -s conftest
configure:20436: $? = 0
configure:20448: result: yes
configure:20458: checking for working mmap
configure:20622: result: no
configure:20648: checking sys/select.h usability
configure:20660: arm-linux-gcc -c -DGCC_HASCLASSVISIBILITY -O2 -Wall -W  conftest.c >&5
configure:20666: $? = 0
configure:20670: test -z 
			 || test ! -s conftest.err
configure:20673: $? = 0
configure:20676: test -s conftest.o
configure:20679: $? = 0
configure:20689: result: yes
configure:20693: checking sys/select.h presence
configure:20703: arm-linux-gcc -E  conftest.c
configure:20709: $? = 0
configure:20729: result: yes
configure:20764: checking for sys/select.h
configure:20771: result: yes
configure:20648: checking sys/socket.h usability
configure:20660: arm-linux-gcc -c -DGCC_HASCLASSVISIBILITY -O2 -Wall -W  conftest.c >&5
configure:20666: $? = 0
configure:20670: test -z 
			 || test ! -s conftest.err
configure:20673: $? = 0
configure:20676: test -s conftest.o
configure:20679: $? = 0
configure:20689: result: yes
configure:20693: checking sys/socket.h presence
configure:20703: arm-linux-gcc -E  conftest.c
configure:20709: $? = 0
configure:20729: result: yes
configure:20764: checking for sys/socket.h
configure:20771: result: yes
configure:20784: checking types of arguments for select
configure:20817: arm-linux-gcc -c -DGCC_HASCLASSVISIBILITY -O2 -Wall -W  conftest.c >&5
configure:20823: $? = 0
configure:20827: test -z 
			 || test ! -s conftest.err
configure:20830: $? = 0
configure:20833: test -s conftest.o
configure:20836: $? = 0
configure:20852: result: int,fd_set *,struct timeval *
configure:20875: checking return type of signal handlers
configure:20906: arm-linux-gcc -c -DGCC_HASCLASSVISIBILITY -O2 -Wall -W  conftest.c >&5
conftest.c: In function 'main':
conftest.c:61: warning: unused variable 'i'
configure:20912: $? = 0
configure:20916: test -z 
			 || test ! -s conftest.err
configure:20919: $? = 0
configure:20922: test -s conftest.o
configure:20925: $? = 0
configure:20936: result: void
configure:20944: checking whether lstat dereferences a symlink specified with a trailing slash
configure:21004: result: no
configure:21025: checking whether stat accepts an empty string
configure:21072: result: yes
configure:21094: checking for vprintf
configure:21151: arm-linux-gcc -o conftest -DGCC_HASCLASSVISIBILITY -O2 -Wall -W   conftest.c -ldl  >&5
conftest.c:73: warning: conflicting types for built-in function 'vprintf'
configure:21157: $? = 0
configure:21161: test -z 
			 || test ! -s conftest.err
configure:21164: $? = 0
configure:21167: test -s conftest
configure:21170: $? = 0
configure:21182: result: yes
configure:21189: checking for _doprnt
configure:21246: arm-linux-gcc -o conftest -DGCC_HASCLASSVISIBILITY -O2 -Wall -W   conftest.c -ldl  >&5
/tmp/ccugy1Y8.o: In function `main':
conftest.c:(.text+0x1c): undefined reference to `_doprnt'
/tmp/ccugy1Y8.o:(.data+0x0): undefined reference to `_doprnt'
collect2: ld returned 1 exit status
configure:21252: $? = 1
configure: failed program was:
| /* confdefs.h.  */
| 
| #define PACKAGE_NAME "tslib"
| #define PACKAGE_TARNAME "tslib"
| #define PACKAGE_VERSION "0.0.2"
| #define PACKAGE_STRING "tslib 0.0.2"
| #define PACKAGE_BUGREPORT "kergoth@handhelds.org"
| #define PACKAGE "tslib"
| #define VERSION "0.0.2"
| #ifdef __cplusplus
| extern "C" void exit (int) throw ();
| #endif
| #define STDC_HEADERS 1
| #define HAVE_SYS_TYPES_H 1
| #define HAVE_SYS_STAT_H 1
| #define HAVE_STDLIB_H 1
| #define HAVE_STRING_H 1
| #define HAVE_MEMORY_H 1
| #define HAVE_STRINGS_H 1
| #define HAVE_INTTYPES_H 1
| #define HAVE_STDINT_H 1
| #define HAVE_UNISTD_H 1
| #define HAVE_DLFCN_H 1
| #define HAVE_LIBDL 1
| #define HAVE_ALLOCA_H 1
| #define HAVE_ALLOCA 1
| #define STDC_HEADERS 1
| #define HAVE_FCNTL_H 1
| #define HAVE_LIMITS_H 1
| #define HAVE_STDLIB_H 1
| #define HAVE_STRING_H 1
| #define HAVE_SYS_IOCTL_H 1
| #define HAVE_SYS_TIME_H 1
| #define HAVE_UNISTD_H 1
| #define TIME_WITH_SYS_TIME 1
| #define HAVE_STDLIB_H 1
| #define HAVE_MALLOC 1
| #define HAVE_STDLIB_H 1
| #define HAVE_UNISTD_H 1
| #define HAVE_GETPAGESIZE 1
| #define HAVE_SYS_SELECT_H 1
| #define HAVE_SYS_SOCKET_H 1
| #define SELECT_TYPE_ARG1 int
| #define SELECT_TYPE_ARG234 (fd_set *)
| #define SELECT_TYPE_ARG5 (struct timeval *)
| #define RETSIGTYPE void
| #define HAVE_STAT_EMPTY_STRING_BUG 1
| #define HAVE_VPRINTF 1
| /* end confdefs.h.  */
| /* Define _doprnt to an innocuous variant, in case <limits.h> declares _doprnt.
|    For example, HP-UX 11i <limits.h> declares gettimeofday.  */
| #define _doprnt innocuous__doprnt
| 
| /* System header to define __stub macros and hopefully few prototypes,
|     which can conflict with char _doprnt (); below.
|     Prefer <limits.h> to <assert.h> if __STDC__ is defined, since
|     <limits.h> exists even on freestanding compilers.  */
| 
| #ifdef __STDC__
| # include <limits.h>
| #else
| # include <assert.h>
| #endif
| 
| #undef _doprnt
| 
| /* Override any gcc2 internal prototype to avoid an error.  */
| #ifdef __cplusplus
| extern "C"
| {
| #endif
| /* We use char because int might match the return type of a gcc2
|    builtin and then its argument prototype would still apply.  */
| char _doprnt ();
| /* The GNU C library defines this for functions which it implements
|     to always fail with ENOSYS.  Some functions are actually named
|     something starting with __ and the normal name is an alias.  */
| #if defined (__stub__doprnt) || defined (__stub____doprnt)
| choke me
| #else
| char (*f) () = _doprnt;
| #endif
| #ifdef __cplusplus
| }
| #endif
| 
| int
| main ()
| {
| return f != _doprnt;
|   ;
|   return 0;
| }
configure:21277: result: no
configure:21304: checking for bzero
configure:21361: arm-linux-gcc -o conftest -DGCC_HASCLASSVISIBILITY -O2 -Wall -W   conftest.c -ldl  >&5
conftest.c:74: warning: conflicting types for built-in function 'bzero'
configure:21367: $? = 0
configure:21371: test -z 
			 || test ! -s conftest.err
configure:21374: $? = 0
configure:21377: test -s conftest
configure:21380: $? = 0
configure:21392: result: yes
configure:21304: checking for gettimeofday
configure:21361: arm-linux-gcc -o conftest -DGCC_HASCLASSVISIBILITY -O2 -Wall -W   conftest.c -ldl  >&5
configure:21367: $? = 0
configure:21371: test -z 
			 || test ! -s conftest.err
configure:21374: $? = 0
configure:21377: test -s conftest
configure:21380: $? = 0
configure:21392: result: yes
configure:21304: checking for memmove
configure:21361: arm-linux-gcc -o conftest -DGCC_HASCLASSVISIBILITY -O2 -Wall -W   conftest.c -ldl  >&5
conftest.c:76: warning: conflicting types for built-in function 'memmove'
configure:21367: $? = 0
configure:21371: test -z 
			 || test ! -s conftest.err
configure:21374: $? = 0
configure:21377: test -s conftest
configure:21380: $? = 0
configure:21392: result: yes
configure:21304: checking for memset
configure:21361: arm-linux-gcc -o conftest -DGCC_HASCLASSVISIBILITY -O2 -Wall -W   conftest.c -ldl  >&5
conftest.c:77: warning: conflicting types for built-in function 'memset'
configure:21367: $? = 0
configure:21371: test -z 
			 || test ! -s conftest.err
configure:21374: $? = 0
configure:21377: test -s conftest
configure:21380: $? = 0
configure:21392: result: yes
configure:21304: checking for munmap
configure:21361: arm-linux-gcc -o conftest -DGCC_HASCLASSVISIBILITY -O2 -Wall -W   conftest.c -ldl  >&5
configure:21367: $? = 0
configure:21371: test -z 
			 || test ! -s conftest.err
configure:21374: $? = 0
configure:21377: test -s conftest
configure:21380: $? = 0
configure:21392: result: yes
configure:21304: checking for select
configure:21361: arm-linux-gcc -o conftest -DGCC_HASCLASSVISIBILITY -O2 -Wall -W   conftest.c -ldl  >&5
configure:21367: $? = 0
configure:21371: test -z 
			 || test ! -s conftest.err
configure:21374: $? = 0
configure:21377: test -s conftest
configure:21380: $? = 0
configure:21392: result: yes
configure:21304: checking for strcasecmp
configure:21361: arm-linux-gcc -o conftest -DGCC_HASCLASSVISIBILITY -O2 -Wall -W   conftest.c -ldl  >&5
conftest.c:80: warning: conflicting types for built-in function 'strcasecmp'
configure:21367: $? = 0
configure:21371: test -z 
			 || test ! -s conftest.err
configure:21374: $? = 0
configure:21377: test -s conftest
configure:21380: $? = 0
configure:21392: result: yes
configure:21304: checking for strchr
configure:21361: arm-linux-gcc -o conftest -DGCC_HASCLASSVISIBILITY -O2 -Wall -W   conftest.c -ldl  >&5
conftest.c:81: warning: conflicting types for built-in function 'strchr'
configure:21367: $? = 0
configure:21371: test -z 
			 || test ! -s conftest.err
configure:21374: $? = 0
configure:21377: test -s conftest
configure:21380: $? = 0
configure:21392: result: yes
configure:21304: checking for strdup
configure:21361: arm-linux-gcc -o conftest -DGCC_HASCLASSVISIBILITY -O2 -Wall -W   conftest.c -ldl  >&5
conftest.c:82: warning: conflicting types for built-in function 'strdup'
configure:21367: $? = 0
configure:21371: test -z 
			 || test ! -s conftest.err
configure:21374: $? = 0
configure:21377: test -s conftest
configure:21380: $? = 0
configure:21392: result: yes
configure:21304: checking for strtoul
configure:21361: arm-linux-gcc -o conftest -DGCC_HASCLASSVISIBILITY -O2 -Wall -W   conftest.c -ldl  >&5
configure:21367: $? = 0
configure:21371: test -z 
			 || test ! -s conftest.err
configure:21374: $? = 0
configure:21377: test -s conftest
configure:21380: $? = 0
configure:21392: result: yes
configure:21404: checking whether linear modules is requested
configure:21413: result: yes
configure:21426: checking whether dejitter module is requested
configure:21435: result: yes
configure:21448: checking whether linear-h2200 module is requested
configure:21457: result: yes
configure:21470: checking whether variance module is requested
configure:21479: result: yes
configure:21492: checking whether pthres module is requested
configure:21501: result: yes
configure:21516: checking whether ucb1x00 module is requested
configure:21525: result: yes
configure:21538: checking whether corgi module is requested
configure:21547: result: yes
configure:21560: checking whether collie module is requested
configure:21569: result: yes
configure:21583: checking whether h3600 module is requested
configure:21592: result: yes
configure:21605: checking whether mk712 module is requested
configure:21614: result: yes
configure:21627: checking whether arctic2 module is requested
configure:21636: result: yes
configure:21649: checking whether input module is requested
configure:21658: result: yes
configure:21671: checking where to place modules
configure:21681: result: ${libdir}/ts/
configure:21685: checking whether to enable debugging
configure:21694: result: no
configure:21921: creating ./config.status

## ---------------------- ##
## Running config.status. ##
## ---------------------- ##

This file was extended by tslib config.status 0.0.2, which was
generated by GNU Autoconf 2.59.  Invocation command line was

  CONFIG_FILES    = 
  CONFIG_HEADERS  = 
  CONFIG_LINKS    = 
  CONFIG_COMMANDS = 
  $ ./config.status 

on zhang.uplooking.com

config.status:755: creating Makefile
config.status:755: creating etc/Makefile
config.status:755: creating plugins/Makefile
config.status:755: creating src/Makefile
config.status:755: creating tests/Makefile
config.status:755: creating tslib-0.0.pc
config.status:859: creating config.h
config.status:1235: executing depfiles commands

## ---------------- ##
## Cache variables. ##
## ---------------- ##

ac_cv_build=i686-pc-linux-gnu
ac_cv_build_alias=i686-pc-linux-gnu
ac_cv_c_compiler_gnu=yes
ac_cv_c_const=yes
ac_cv_c_inline=inline
ac_cv_cxx_compiler_gnu=yes
ac_cv_env_CC_set=
ac_cv_env_CC_value=
ac_cv_env_CFLAGS_set=
ac_cv_env_CFLAGS_value=
ac_cv_env_CPPFLAGS_set=
ac_cv_env_CPPFLAGS_value=
ac_cv_env_CPP_set=
ac_cv_env_CPP_value=
ac_cv_env_CXXCPP_set=
ac_cv_env_CXXCPP_value=
ac_cv_env_CXXFLAGS_set=
ac_cv_env_CXXFLAGS_value=
ac_cv_env_CXX_set=
ac_cv_env_CXX_value=
ac_cv_env_F77_set=
ac_cv_env_F77_value=
ac_cv_env_FFLAGS_set=
ac_cv_env_FFLAGS_value=
ac_cv_env_LDFLAGS_set=
ac_cv_env_LDFLAGS_value=
ac_cv_env_build_alias_set=
ac_cv_env_build_alias_value=
ac_cv_env_host_alias_set=set
ac_cv_env_host_alias_value=arm-linux
ac_cv_env_target_alias_set=
ac_cv_env_target_alias_value=
ac_cv_exeext=
ac_cv_f77_compiler_gnu=yes
ac_cv_func__doprnt=no
ac_cv_func_alloca_works=yes
ac_cv_func_bzero=yes
ac_cv_func_dlopen=no
ac_cv_func_getpagesize=yes
ac_cv_func_gettimeofday=yes
ac_cv_func_lstat_dereferences_slashed_symlink=no
ac_cv_func_malloc_0_nonnull=yes
ac_cv_func_memmove=yes
ac_cv_func_memset=yes
ac_cv_func_mmap_fixed_mapped=no
ac_cv_func_munmap=yes
ac_cv_func_select=yes
ac_cv_func_select_args='int,fd_set *,struct timeval *'
ac_cv_func_shl_load=no
ac_cv_func_stat_empty_string_bug=yes
ac_cv_func_strcasecmp=yes
ac_cv_func_strchr=yes
ac_cv_func_strdup=yes
ac_cv_func_strtoul=yes
ac_cv_func_vprintf=yes
ac_cv_header_dlfcn_h=yes
ac_cv_header_fcntl_h=yes
ac_cv_header_inttypes_h=yes
ac_cv_header_limits_h=yes
ac_cv_header_memory_h=yes
ac_cv_header_stdc=yes
ac_cv_header_stdint_h=yes
ac_cv_header_stdlib_h=yes
ac_cv_header_string_h=yes
ac_cv_header_strings_h=yes
ac_cv_header_sys_ioctl_h=yes
ac_cv_header_sys_select_h=yes
ac_cv_header_sys_socket_h=yes
ac_cv_header_sys_stat_h=yes
ac_cv_header_sys_time_h=yes
ac_cv_header_sys_types_h=yes
ac_cv_header_time=yes
ac_cv_header_unistd_h=yes
ac_cv_host=arm-unknown-linux-gnu
ac_cv_host_alias=arm-linux
ac_cv_lib_dl_dlopen=yes
ac_cv_lib_dld_shl_load=no
ac_cv_objext=o
ac_cv_path_install='/usr/bin/install -c'
ac_cv_prog_AR=arm-linux-ar
ac_cv_prog_AWK=gawk
ac_cv_prog_CC=arm-linux-gcc
ac_cv_prog_CPP='arm-linux-gcc -E'
ac_cv_prog_CXX=arm-linux-g++
ac_cv_prog_CXXCPP='arm-linux-g++ -E'
ac_cv_prog_RANLIB=arm-linux-ranlib
ac_cv_prog_STRIP=arm-linux-strip
ac_cv_prog_ac_ct_F77=g77
ac_cv_prog_cc_g=yes
ac_cv_prog_cc_stdc=
ac_cv_prog_cxx_g=yes
ac_cv_prog_egrep='grep -E'
ac_cv_prog_f77_g=yes
ac_cv_prog_gcc_traditional=no
ac_cv_prog_make_make_set=yes
ac_cv_type_signal=void
ac_cv_type_size_t=yes
ac_cv_working_alloca_h=yes
am_cv_CC_dependencies_compiler_type=gcc3
am_cv_CXX_dependencies_compiler_type=gcc3
bb_cv_cc_supports_hidden_visibility=yes
lt_cv_deplibs_check_method=pass_all
lt_cv_dlopen=dlopen
lt_cv_dlopen_libs=-ldl
lt_cv_dlopen_self=cross
lt_cv_file_magic_cmd='$MAGIC_CMD'
lt_cv_file_magic_test_file=
lt_cv_ld_reload_flag=-r
lt_cv_objdir=.libs
lt_cv_path_LD=/usr/local/arm/4.3.2/arm-none-linux-gnueabi/bin/ld
lt_cv_path_LDCXX=/usr/local/arm/4.3.2/arm-none-linux-gnueabi/bin/ld
lt_cv_path_NM='/usr/local/arm/4.3.2/bin/arm-linux-nm -B'
lt_cv_path_SED=/bin/sed
lt_cv_prog_compiler_c_o=yes
lt_cv_prog_compiler_c_o_CXX=yes
lt_cv_prog_compiler_c_o_F77=yes
lt_cv_prog_compiler_rtti_exceptions=no
lt_cv_prog_gnu_ld=yes
lt_cv_prog_gnu_ldcxx=yes
lt_cv_sys_global_symbol_pipe='sed -n -e '\''s/^.*[ 	]\([ABCDGIRSTW][ABCDGIRSTW]*\)[ 	][ 	]*\([_A-Za-z][_A-Za-z0-9]*\)$/\1 \2 \2/p'\'''
lt_cv_sys_global_symbol_to_c_name_address='sed -n -e '\''s/^: \([^ ]*\) $/  {\"\1\", (lt_ptr) 0},/p'\'' -e '\''s/^[BCDEGRST] \([^ ]*\) \([^ ]*\)$/  {"\2", (lt_ptr) \&\2},/p'\'''
lt_cv_sys_global_symbol_to_cdecl='sed -n -e '\''s/^. .* \(.*\)$/extern int \1;/p'\'''
lt_cv_sys_max_cmd_len=32768
lt_lt_cv_prog_compiler_c_o='"yes"'
lt_lt_cv_prog_compiler_c_o_CXX='"yes"'
lt_lt_cv_prog_compiler_c_o_F77='"yes"'
lt_lt_cv_sys_global_symbol_pipe='"sed -n -e '\''s/^.*[ 	]\\([ABCDGIRSTW][ABCDGIRSTW]*\\)[ 	][ 	]*\\([_A-Za-z][_A-Za-z0-9]*\\)\$/\\1 \\2 \\2/p'\''"'
lt_lt_cv_sys_global_symbol_to_c_name_address='"sed -n -e '\''s/^: \\([^ ]*\\) \$/  {\\\"\\1\\\", (lt_ptr) 0},/p'\'' -e '\''s/^[BCDEGRST] \\([^ ]*\\) \\([^ ]*\\)\$/  {\"\\2\", (lt_ptr) \\&\\2},/p'\''"'
lt_lt_cv_sys_global_symbol_to_cdecl='"sed -n -e '\''s/^. .* \\(.*\\)\$/extern int \\1;/p'\''"'

## ----------------- ##
## Output variables. ##
## ----------------- ##

ACLOCAL='${SHELL} /nfs_rootfs/nfsroot-29/kernel_driver/14input/tslib/tslib/missing --run aclocal-1.9'
ALLOCA=''
AMDEPBACKSLASH='\'
AMDEP_FALSE='#'
AMDEP_TRUE=''
AMTAR='${SHELL} /nfs_rootfs/nfsroot-29/kernel_driver/14input/tslib/tslib/missing --run tar'
AR='arm-linux-ar'
AUTOCONF='${SHELL} /nfs_rootfs/nfsroot-29/kernel_driver/14input/tslib/tslib/missing --run autoconf'
AUTOHEADER='${SHELL} /nfs_rootfs/nfsroot-29/kernel_driver/14input/tslib/tslib/missing --run autoheader'
AUTOMAKE='${SHELL} /nfs_rootfs/nfsroot-29/kernel_driver/14input/tslib/tslib/missing --run automake-1.9'
AWK='gawk'
CC='arm-linux-gcc'
CCDEPMODE='depmode=gcc3'
CFLAGS='-DGCC_HASCLASSVISIBILITY -O2 -Wall -W'
CPP='arm-linux-gcc -E'
CPPFLAGS=''
CXX='arm-linux-g++'
CXXCPP='arm-linux-g++ -E'
CXXDEPMODE='depmode=gcc3'
CXXFLAGS='-g -O2'
CYGPATH_W='echo'
DEBUGFLAGS=''
DEFS='-DHAVE_CONFIG_H'
DEPDIR='.deps'
ECHO='echo'
ECHO_C=''
ECHO_N='-n'
ECHO_T=''
EGREP='grep -E'
ENABLE_ARCTIC2_MODULE_FALSE='#'
ENABLE_ARCTIC2_MODULE_TRUE=''
ENABLE_COLLIE_MODULE_FALSE='#'
ENABLE_COLLIE_MODULE_TRUE=''
ENABLE_CORGI_MODULE_FALSE='#'
ENABLE_CORGI_MODULE_TRUE=''
ENABLE_DEJITTER_MODULE_FALSE='#'
ENABLE_DEJITTER_MODULE_TRUE=''
ENABLE_H2200_LINEAR_MODULE_FALSE='#'
ENABLE_H2200_LINEAR_MODULE_TRUE=''
ENABLE_H3600_MODULE_FALSE='#'
ENABLE_H3600_MODULE_TRUE=''
ENABLE_INPUT_MODULE_FALSE='#'
ENABLE_INPUT_MODULE_TRUE=''
ENABLE_LINEAR_MODULE_FALSE='#'
ENABLE_LINEAR_MODULE_TRUE=''
ENABLE_MK712_MODULE_FALSE='#'
ENABLE_MK712_MODULE_TRUE=''
ENABLE_PTHRES_MODULE_FALSE='#'
ENABLE_PTHRES_MODULE_TRUE=''
ENABLE_UCB1X00_MODULE_FALSE='#'
ENABLE_UCB1X00_MODULE_TRUE=''
ENABLE_VARIANCE_MODULE_FALSE='#'
ENABLE_VARIANCE_MODULE_TRUE=''
EXEEXT=''
F77='g77'
FFLAGS='-g -O2'
INSTALL_DATA='${INSTALL} -m 644'
INSTALL_PROGRAM='${INSTALL}'
INSTALL_SCRIPT='${INSTALL}'
INSTALL_STRIP_PROGRAM='${SHELL} $(install_sh) -c -s'
LDFLAGS=''
LIBFLAGS='-DTSLIB_INTERNAL'
LIBOBJS=' lstat$U.o stat$U.o'
LIBS='-ldl '
LIBTOOL='$(SHELL) $(top_builddir)/libtool'
LN_S='ln -s'
LTLIBOBJS=' lstat$U.lo stat$U.lo'
LT_AGE='1'
LT_CURRENT='1'
LT_RELEASE='0.0'
LT_REVISION='1'
MAKEINFO='${SHELL} /nfs_rootfs/nfsroot-29/kernel_driver/14input/tslib/tslib/missing --run makeinfo'
OBJEXT='o'
PACKAGE='tslib'
PACKAGE_BUGREPORT='kergoth@handhelds.org'
PACKAGE_DESCRIPTION='Touchscreen Access Library'
PACKAGE_NAME='tslib'
PACKAGE_STRING='tslib 0.0.2'
PACKAGE_TARNAME='tslib'
PACKAGE_VERSION='0.0.2'
PATH_SEPARATOR=':'
PLUGIN_DIR='${libdir}/ts/'
RANLIB='arm-linux-ranlib'
SED='/bin/sed'
SET_MAKE=''
SHELL='/bin/sh'
STRIP='arm-linux-strip'
TS_CONF='${sysconfdir}/ts.conf'
VERSION='0.0.2'
VIS_CFLAGS='-fvisibility=hidden'
ac_ct_AR=''
ac_ct_CC=''
ac_ct_CXX=''
ac_ct_F77='g77'
ac_ct_RANLIB=''
ac_ct_STRIP=''
am__fastdepCC_FALSE='#'
am__fastdepCC_TRUE=''
am__fastdepCXX_FALSE='#'
am__fastdepCXX_TRUE=''
am__include='include'
am__leading_dot='.'
am__quote=''
am__tar='${AMTAR} chof - "$$tardir"'
am__untar='${AMTAR} xf -'
bindir='${exec_prefix}/bin'
build='i686-pc-linux-gnu'
build_alias=''
build_cpu='i686'
build_os='linux-gnu'
build_vendor='pc'
datadir='${prefix}/share'
exec_prefix='/nfs_rootfs/nfsroot-29/tslib'
host='arm-unknown-linux-gnu'
host_alias='arm-linux'
host_cpu='arm'
host_os='linux-gnu'
host_vendor='unknown'
includedir='${prefix}/include'
infodir='${prefix}/info'
install_sh='/nfs_rootfs/nfsroot-29/kernel_driver/14input/tslib/tslib/install-sh'
libdir='${exec_prefix}/lib'
libexecdir='${exec_prefix}/libexec'
localstatedir='${prefix}/var'
mandir='${prefix}/man'
mkdir_p='mkdir -p --'
oldincludedir='/usr/include'
prefix='/nfs_rootfs/nfsroot-29/tslib'
program_transform_name='s,x,x,'
sbindir='${exec_prefix}/sbin'
sharedstatedir='${prefix}/com'
sysconfdir='${prefix}/etc'
target_alias=''

## ----------- ##
## confdefs.h. ##
## ----------- ##

#define HAVE_ALLOCA 1
#define HAVE_ALLOCA_H 1
#define HAVE_BZERO 1
#define HAVE_DLFCN_H 1
#define HAVE_FCNTL_H 1
#define HAVE_GETPAGESIZE 1
#define HAVE_GETTIMEOFDAY 1
#define HAVE_INTTYPES_H 1
#define HAVE_LIBDL 1
#define HAVE_LIMITS_H 1
#define HAVE_MALLOC 1
#define HAVE_MEMMOVE 1
#define HAVE_MEMORY_H 1
#define HAVE_MEMSET 1
#define HAVE_MUNMAP 1
#define HAVE_SELECT 1
#define HAVE_STAT_EMPTY_STRING_BUG 1
#define HAVE_STDINT_H 1
#define HAVE_STDLIB_H 1
#define HAVE_STDLIB_H 1
#define HAVE_STDLIB_H 1
#define HAVE_STDLIB_H 1
#define HAVE_STRCASECMP 1
#define HAVE_STRCHR 1
#define HAVE_STRDUP 1
#define HAVE_STRINGS_H 1
#define HAVE_STRING_H 1
#define HAVE_STRING_H 1
#define HAVE_STRTOUL 1
#define HAVE_SYS_IOCTL_H 1
#define HAVE_SYS_SELECT_H 1
#define HAVE_SYS_SOCKET_H 1
#define HAVE_SYS_STAT_H 1
#define HAVE_SYS_TIME_H 1
#define HAVE_SYS_TYPES_H 1
#define HAVE_UNISTD_H 1
#define HAVE_UNISTD_H 1
#define HAVE_UNISTD_H 1
#define HAVE_VPRINTF 1
#define PACKAGE "tslib"
#define PACKAGE_BUGREPORT "kergoth@handhelds.org"
#define PACKAGE_NAME "tslib"
#define PACKAGE_STRING "tslib 0.0.2"
#define PACKAGE_TARNAME "tslib"
#define PACKAGE_VERSION "0.0.2"
#define RETSIGTYPE void
#define SELECT_TYPE_ARG1 int
#define SELECT_TYPE_ARG234 (fd_set *)
#define SELECT_TYPE_ARG5 (struct timeval *)
#define STDC_HEADERS 1
#define STDC_HEADERS 1
#define TIME_WITH_SYS_TIME 1
#define VERSION "0.0.2"
#endif
#ifdef __cplusplus
extern "C" void exit (int) throw ();

configure: exit 0
